2022-10-22 20:14:36,583 [Worker-4: Loading available Gradle versions] INFO  o.e.b.c.i.u.g.PublishedGradleVersions - Gradle version information cache is up-to-date. Trying to read.
2022-10-22 20:33:16,171 [Worker-6: Creating project "4Elementsoftech"] INFO  o.e.m.c.i.l.LifecycleMappingFactory - Using org.eclipse.m2e.jdt.JarLifecycleMapping lifecycle mapping for MavenProject: com.4Elementsoftech:4Elementsoftech:2.0.0 @ C:\Users\kalke\OneDrive\Desktop\DemoApplication\4Elementsoftech\pom.xml.
2022-10-22 20:33:16,769 [Worker-6: Creating project "4Elementsoftech"] INFO  o.e.m.j.i.AbstractJavaProjectConfigurator - Adding source folder /4Elementsoftech/src/main/java
2022-10-22 20:33:16,770 [Worker-6: Creating project "4Elementsoftech"] INFO  o.e.m.j.i.AbstractJavaProjectConfigurator - Adding resource folder /4Elementsoftech/src/main/resources
2022-10-22 20:33:16,772 [Worker-6: Creating project "4Elementsoftech"] INFO  o.e.m.j.i.AbstractJavaProjectConfigurator - Adding source folder /4Elementsoftech/src/test/java
2022-10-22 20:33:16,772 [Worker-6: Creating project "4Elementsoftech"] INFO  o.e.m.j.i.AbstractJavaProjectConfigurator - Adding resource folder /4Elementsoftech/src/test/resources
2022-10-22 20:33:20,726 [Worker-11: Building] WARN  o.e.m.c.i.embedder.EclipseLogger - Using platform encoding (Cp1252 actually) to copy filtered resources, i.e. build is platform dependent!
2022-10-22 20:33:20,733 [Worker-11: Building] INFO  o.e.m.c.i.embedder.EclipseLogger - Copying 0 resource
2022-10-22 20:33:20,735 [Worker-11: Building] WARN  o.e.m.c.i.embedder.EclipseLogger - Using platform encoding (Cp1252 actually) to copy filtered resources, i.e. build is platform dependent!
2022-10-22 20:33:20,738 [Worker-11: Building] INFO  o.e.m.c.i.embedder.EclipseLogger - Copying 0 resource
2022-10-22 21:25:01,506 [Worker-22: Building] INFO  o.e.m.c.i.l.LifecycleMappingFactory - Using org.eclipse.m2e.jdt.JarLifecycleMapping lifecycle mapping for MavenProject: com.4Elementsoftech:4Elementsoftech:2.0.0 @ C:\Users\kalke\OneDrive\Desktop\DemoApplication\4Elementsoftech\pom.xml.
2022-10-22 21:25:01,961 [Worker-24: Building] WARN  o.e.m.c.i.embedder.EclipseLogger - Using platform encoding (Cp1252 actually) to copy filtered resources, i.e. build is platform dependent!
2022-10-22 21:25:01,968 [Worker-24: Building] INFO  o.e.m.c.i.embedder.EclipseLogger - Copying 0 resource
2022-10-22 21:25:01,971 [Worker-24: Building] WARN  o.e.m.c.i.embedder.EclipseLogger - Using platform encoding (Cp1252 actually) to copy filtered resources, i.e. build is platform dependent!
2022-10-22 21:25:01,973 [Worker-24: Building] INFO  o.e.m.c.i.embedder.EclipseLogger - Copying 0 resource
2022-10-22 22:31:57,637 [Worker-2: Loading available Gradle versions] INFO  o.e.b.c.i.u.g.PublishedGradleVersions - Gradle version information cache is out-of-date. Trying to update.
2022-10-22 22:35:18,214 [Worker-0: Building] INFO  o.e.m.c.i.l.LifecycleMappingFactory - Using org.eclipse.m2e.jdt.JarLifecycleMapping lifecycle mapping for MavenProject: com.4Elementsoftech:4Elementsoftech:2.0.0 @ C:\Users\kalke\OneDrive\Desktop\DemoApplication\4Elementsoftech\pom.xml.
2022-10-22 22:35:22,590 [Worker-0: Building] INFO  o.e.m.c.i.e.AbstractTransferListenerAdapter - Downloading https://repo.maven.apache.org/maven2/org/springframework/spring-jcl/5.3.23/spring-jcl-5.3.23.pom
2022-10-22 22:35:23,136 [Worker-0: Building] INFO  o.e.m.c.i.e.AbstractTransferListenerAdapter - Downloaded https://repo.maven.apache.org/maven2/org/springframework/spring-jcl/5.3.23/spring-jcl-5.3.23.pom
2022-10-22 22:35:23,498 [AetherRepositoryConnector-repo.maven.apache.org-0-1] INFO  o.e.m.c.i.e.AbstractTransferListenerAdapter - Downloading https://repo.maven.apache.org/maven2/org/springframework/spring-jcl/5.3.23/spring-jcl-5.3.23.jar
2022-10-22 22:35:23,725 [AetherRepositoryConnector-repo.maven.apache.org-0-0] INFO  o.e.m.c.i.e.AbstractTransferListenerAdapter - Downloading https://repo.maven.apache.org/maven2/org/springframework/spring-core/5.3.23/spring-core-5.3.23.jar
2022-10-22 22:35:24,516 [AetherRepositoryConnector-repo.maven.apache.org-0-1] INFO  o.e.m.c.i.e.AbstractTransferListenerAdapter - Downloaded https://repo.maven.apache.org/maven2/org/springframework/spring-jcl/5.3.23/spring-jcl-5.3.23.jar
2022-10-22 22:35:27,410 [AetherRepositoryConnector-repo.maven.apache.org-0-0] INFO  o.e.m.c.i.e.AbstractTransferListenerAdapter - Downloaded https://repo.maven.apache.org/maven2/org/springframework/spring-core/5.3.23/spring-core-5.3.23.jar
2022-10-22 22:35:27,896 [Worker-0: Building] WARN  o.e.m.c.i.embedder.EclipseLogger - Using platform encoding (Cp1252 actually) to copy filtered resources, i.e. build is platform dependent!
2022-10-22 22:35:27,901 [Worker-0: Building] INFO  o.e.m.c.i.embedder.EclipseLogger - Copying 0 resource
2022-10-22 22:35:27,904 [Worker-0: Building] WARN  o.e.m.c.i.embedder.EclipseLogger - Using platform encoding (Cp1252 actually) to copy filtered resources, i.e. build is platform dependent!
2022-10-22 22:35:27,906 [Worker-0: Building] INFO  o.e.m.c.i.embedder.EclipseLogger - Copying 0 resource
2022-10-22 22:35:29,248 [Worker-14: Building] WARN  o.e.m.c.i.embedder.EclipseLogger - Using platform encoding (Cp1252 actually) to copy filtered resources, i.e. build is platform dependent!
2022-10-22 22:35:29,251 [Worker-14: Building] INFO  o.e.m.c.i.embedder.EclipseLogger - Copying 0 resource
2022-10-22 22:35:29,252 [Worker-14: Building] WARN  o.e.m.c.i.embedder.EclipseLogger - Using platform encoding (Cp1252 actually) to copy filtered resources, i.e. build is platform dependent!
2022-10-22 22:35:29,253 [Worker-14: Building] INFO  o.e.m.c.i.embedder.EclipseLogger - Copying 0 resource
2022-10-22 22:35:30,216 [Worker-13: Download sources and javadoc] INFO  o.e.m.c.i.e.AbstractTransferListenerAdapter - Downloading https://repo.maven.apache.org/maven2/org/springframework/spring-core/5.3.23/spring-core-5.3.23-sources.jar
2022-10-22 22:35:35,575 [Worker-13: Download sources and javadoc] INFO  o.e.m.c.i.e.AbstractTransferListenerAdapter - Downloaded https://repo.maven.apache.org/maven2/org/springframework/spring-core/5.3.23/spring-core-5.3.23-sources.jar
2022-10-22 22:35:35,607 [Worker-13: Download sources and javadoc] INFO  o.e.m.j.internal.DownloadSourcesJob - Downloaded sources for org.springframework:spring-core:5.3.23
2022-10-22 22:35:36,686 [Worker-13: Download sources and javadoc] INFO  o.e.m.c.i.e.AbstractTransferListenerAdapter - Downloading https://repo.maven.apache.org/maven2/org/springframework/spring-jcl/5.3.23/spring-jcl-5.3.23-sources.jar
2022-10-22 22:35:37,460 [Worker-13: Download sources and javadoc] INFO  o.e.m.c.i.e.AbstractTransferListenerAdapter - Downloaded https://repo.maven.apache.org/maven2/org/springframework/spring-jcl/5.3.23/spring-jcl-5.3.23-sources.jar
2022-10-22 22:35:37,497 [Worker-13: Download sources and javadoc] INFO  o.e.m.j.internal.DownloadSourcesJob - Downloaded sources for org.springframework:spring-jcl:5.3.23
2022-10-22 22:35:37,685 [Worker-0: Building] WARN  o.e.m.c.i.embedder.EclipseLogger - Using platform encoding (Cp1252 actually) to copy filtered resources, i.e. build is platform dependent!
2022-10-22 22:35:37,686 [Worker-0: Building] INFO  o.e.m.c.i.embedder.EclipseLogger - Copying 0 resource
2022-10-22 22:35:37,687 [Worker-0: Building] WARN  o.e.m.c.i.embedder.EclipseLogger - Using platform encoding (Cp1252 actually) to copy filtered resources, i.e. build is platform dependent!
2022-10-22 22:35:37,688 [Worker-0: Building] INFO  o.e.m.c.i.embedder.EclipseLogger - Copying 0 resource
2022-10-22 23:40:50,141 [Worker-16: Updating Maven Project] INFO  o.e.m.c.i.p.ProjectConfigurationManager - Update started
2022-10-22 23:40:50,497 [Worker-16: Updating Maven Project] INFO  o.e.m.c.i.l.LifecycleMappingFactory - Using org.eclipse.m2e.jdt.JarLifecycleMapping lifecycle mapping for MavenProject: com.4Elementsoftech:4Elementsoftech:2.0.0 @ C:\Users\kalke\OneDrive\Desktop\DemoApplication\4Elementsoftech\pom.xml.
2022-10-22 23:40:51,571 [Worker-16: Updating Maven Project] INFO  o.e.m.c.i.e.AbstractTransferListenerAdapter - Downloading https://repo.maven.apache.org/maven2/org/springframework/spring-core/5.3.23/spring-core-5.3.23.pom
2022-10-22 23:40:51,940 [Worker-16: Updating Maven Project] INFO  o.e.m.c.i.e.AbstractTransferListenerAdapter - Downloaded https://repo.maven.apache.org/maven2/org/springframework/spring-core/5.3.23/spring-core-5.3.23.pom
2022-10-22 23:40:52,144 [Worker-16: Updating Maven Project] INFO  o.e.m.c.i.e.AbstractTransferListenerAdapter - Downloading https://repo.maven.apache.org/maven2/org/springframework/spring-core/5.3.23/spring-core-5.3.23.jar
2022-10-22 23:40:53,640 [Worker-16: Updating Maven Project] INFO  o.e.m.c.i.e.AbstractTransferListenerAdapter - Downloaded https://repo.maven.apache.org/maven2/org/springframework/spring-core/5.3.23/spring-core-5.3.23.jar
2022-10-22 23:40:53,785 [Worker-16: Updating Maven Project] INFO  o.e.m.j.i.AbstractJavaProjectConfigurator - Adding source folder /4Elementsoftech/src/main/java
2022-10-22 23:40:53,785 [Worker-16: Updating Maven Project] INFO  o.e.m.j.i.AbstractJavaProjectConfigurator - Adding resource folder /4Elementsoftech/src/main/resources
2022-10-22 23:40:53,785 [Worker-16: Updating Maven Project] INFO  o.e.m.j.i.AbstractJavaProjectConfigurator - Adding source folder /4Elementsoftech/src/test/java
2022-10-22 23:40:53,786 [Worker-16: Updating Maven Project] INFO  o.e.m.j.i.AbstractJavaProjectConfigurator - Adding resource folder /4Elementsoftech/src/test/resources
2022-10-22 23:40:53,860 [Worker-16: Updating Maven Project] INFO  o.e.m.c.i.p.ProjectConfigurationManager - Update completed: 3 sec
2022-10-22 23:40:54,017 [Worker-15: Building] WARN  o.e.m.c.i.embedder.EclipseLogger - Using platform encoding (Cp1252 actually) to copy filtered resources, i.e. build is platform dependent!
2022-10-22 23:40:54,018 [Worker-15: Building] INFO  o.e.m.c.i.embedder.EclipseLogger - Copying 0 resource
2022-10-22 23:40:54,019 [Worker-15: Building] WARN  o.e.m.c.i.embedder.EclipseLogger - Using platform encoding (Cp1252 actually) to copy filtered resources, i.e. build is platform dependent!
2022-10-22 23:40:54,020 [Worker-15: Building] INFO  o.e.m.c.i.embedder.EclipseLogger - Copying 0 resource
2022-10-22 23:40:55,546 [Worker-18: Download sources and javadoc] INFO  o.e.m.c.i.e.AbstractTransferListenerAdapter - Downloading https://repo.maven.apache.org/maven2/org/springframework/spring-core/5.3.23/spring-core-5.3.23-sources.jar
2022-10-22 23:40:57,522 [Worker-18: Download sources and javadoc] INFO  o.e.m.c.i.e.AbstractTransferListenerAdapter - Downloaded https://repo.maven.apache.org/maven2/org/springframework/spring-core/5.3.23/spring-core-5.3.23-sources.jar
2022-10-22 23:40:57,550 [Worker-18: Download sources and javadoc] INFO  o.e.m.j.internal.DownloadSourcesJob - Downloaded sources for org.springframework:spring-core:5.3.23
2022-10-22 23:40:57,671 [Worker-17: Building] WARN  o.e.m.c.i.embedder.EclipseLogger - Using platform encoding (Cp1252 actually) to copy filtered resources, i.e. build is platform dependent!
2022-10-22 23:40:57,672 [Worker-17: Building] INFO  o.e.m.c.i.embedder.EclipseLogger - Copying 0 resource
2022-10-22 23:40:57,673 [Worker-17: Building] WARN  o.e.m.c.i.embedder.EclipseLogger - Using platform encoding (Cp1252 actually) to copy filtered resources, i.e. build is platform dependent!
2022-10-22 23:40:57,674 [Worker-17: Building] INFO  o.e.m.c.i.embedder.EclipseLogger - Copying 0 resource
2022-10-22 23:45:15,623 [Worker-17: Building] INFO  o.e.m.c.i.l.LifecycleMappingFactory - Using org.eclipse.m2e.jdt.JarLifecycleMapping lifecycle mapping for MavenProject: com.4Elementsoftech:4Elementsoftech:2.0.0 @ C:\Users\kalke\OneDrive\Desktop\DemoApplication\4Elementsoftech\pom.xml.
2022-10-22 23:45:15,803 [Worker-17: Building] WARN  o.e.m.c.i.embedder.EclipseLogger - Using platform encoding (Cp1252 actually) to copy filtered resources, i.e. build is platform dependent!
2022-10-22 23:45:15,806 [Worker-17: Building] INFO  o.e.m.c.i.embedder.EclipseLogger - Copying 0 resource
2022-10-22 23:45:15,808 [Worker-17: Building] WARN  o.e.m.c.i.embedder.EclipseLogger - Using platform encoding (Cp1252 actually) to copy filtered resources, i.e. build is platform dependent!
2022-10-22 23:45:15,811 [Worker-17: Building] INFO  o.e.m.c.i.embedder.EclipseLogger - Copying 0 resource
2022-10-22 23:45:17,205 [Worker-20: Building] WARN  o.e.m.c.i.embedder.EclipseLogger - Using platform encoding (Cp1252 actually) to copy filtered resources, i.e. build is platform dependent!
2022-10-22 23:45:17,206 [Worker-20: Building] INFO  o.e.m.c.i.embedder.EclipseLogger - Copying 0 resource
2022-10-22 23:45:17,208 [Worker-20: Building] WARN  o.e.m.c.i.embedder.EclipseLogger - Using platform encoding (Cp1252 actually) to copy filtered resources, i.e. build is platform dependent!
2022-10-22 23:45:17,209 [Worker-20: Building] INFO  o.e.m.c.i.embedder.EclipseLogger - Copying 0 resource
2022-10-23 01:11:49,460 [Worker-3: Loading available Gradle versions] INFO  o.e.b.c.i.u.g.PublishedGradleVersions - Gradle version information cache is up-to-date. Trying to read.
2022-10-23 01:13:29,330 [Worker-12: Building] WARN  o.e.m.c.i.embedder.EclipseLogger - Using platform encoding (Cp1252 actually) to copy filtered resources, i.e. build is platform dependent!
2022-10-23 01:13:29,336 [Worker-12: Building] INFO  o.e.m.c.i.embedder.EclipseLogger - Copying 0 resource
2022-10-23 01:13:29,339 [Worker-12: Building] WARN  o.e.m.c.i.embedder.EclipseLogger - Using platform encoding (Cp1252 actually) to copy filtered resources, i.e. build is platform dependent!
2022-10-23 01:13:29,341 [Worker-12: Building] INFO  o.e.m.c.i.embedder.EclipseLogger - Copying 0 resource
2022-10-23 01:14:36,142 [Worker-13: Building] WARN  o.e.m.c.i.embedder.EclipseLogger - Using platform encoding (Cp1252 actually) to copy filtered resources, i.e. build is platform dependent!
2022-10-23 01:14:36,147 [Worker-13: Building] INFO  o.e.m.c.i.embedder.EclipseLogger - Copying 0 resource
2022-10-23 01:14:36,148 [Worker-13: Building] WARN  o.e.m.c.i.embedder.EclipseLogger - Using platform encoding (Cp1252 actually) to copy filtered resources, i.e. build is platform dependent!
2022-10-23 01:14:36,149 [Worker-13: Building] INFO  o.e.m.c.i.embedder.EclipseLogger - Copying 0 resource
2022-10-23 01:18:52,222 [Worker-12: Rebuilding] WARN  o.e.m.c.i.embedder.EclipseLogger - Using platform encoding (Cp1252 actually) to copy filtered resources, i.e. build is platform dependent!
2022-10-23 01:18:52,224 [Worker-12: Rebuilding] INFO  o.e.m.c.i.embedder.EclipseLogger - Copying 0 resource
2022-10-23 01:18:52,225 [Worker-12: Rebuilding] WARN  o.e.m.c.i.embedder.EclipseLogger - Using platform encoding (Cp1252 actually) to copy filtered resources, i.e. build is platform dependent!
2022-10-23 01:18:52,226 [Worker-12: Rebuilding] INFO  o.e.m.c.i.embedder.EclipseLogger - Copying 0 resource
2022-10-23 01:20:15,006 [Worker-12: Building] WARN  o.e.m.c.i.embedder.EclipseLogger - Using platform encoding (Cp1252 actually) to copy filtered resources, i.e. build is platform dependent!
2022-10-23 01:20:15,008 [Worker-12: Building] INFO  o.e.m.c.i.embedder.EclipseLogger - Copying 0 resource
2022-10-23 01:20:15,009 [Worker-12: Building] WARN  o.e.m.c.i.embedder.EclipseLogger - Using platform encoding (Cp1252 actually) to copy filtered resources, i.e. build is platform dependent!
2022-10-23 01:20:15,010 [Worker-12: Building] INFO  o.e.m.c.i.embedder.EclipseLogger - Copying 0 resource
2022-10-23 01:20:19,349 [Worker-14: Building] WARN  o.e.m.c.i.embedder.EclipseLogger - Using platform encoding (Cp1252 actually) to copy filtered resources, i.e. build is platform dependent!
2022-10-23 01:20:19,351 [Worker-14: Building] INFO  o.e.m.c.i.embedder.EclipseLogger - Copying 0 resource
2022-10-23 01:20:19,353 [Worker-14: Building] WARN  o.e.m.c.i.embedder.EclipseLogger - Using platform encoding (Cp1252 actually) to copy filtered resources, i.e. build is platform dependent!
2022-10-23 01:20:19,354 [Worker-14: Building] INFO  o.e.m.c.i.embedder.EclipseLogger - Copying 0 resource
2022-10-23 01:20:36,011 [Worker-14: Building] WARN  o.e.m.c.i.embedder.EclipseLogger - Using platform encoding (Cp1252 actually) to copy filtered resources, i.e. build is platform dependent!
2022-10-23 01:20:36,013 [Worker-14: Building] INFO  o.e.m.c.i.embedder.EclipseLogger - Copying 0 resource
2022-10-23 01:20:36,014 [Worker-14: Building] WARN  o.e.m.c.i.embedder.EclipseLogger - Using platform encoding (Cp1252 actually) to copy filtered resources, i.e. build is platform dependent!
2022-10-23 01:20:36,015 [Worker-14: Building] INFO  o.e.m.c.i.embedder.EclipseLogger - Copying 0 resource
2022-10-23 01:21:35,091 [main] INFO  o.e.m2e.actions.ExecutePomAction - Creating new launch configuration
2022-10-23 01:21:42,842 [Worker-12: Launching 4Elementsoftech] INFO  o.e.m.i.launch.MavenLaunchDelegate - C:\Users\kalke\OneDrive\Desktop\DemoApplication\4Elementsoftech
2022-10-23 01:21:42,843 [Worker-12: Launching 4Elementsoftech] INFO  o.e.m.i.launch.MavenLaunchDelegate -  mvn -B clean -Dstyle.color=always
2022-10-23 01:22:02,020 [Worker-14: Building] WARN  o.e.m.c.i.embedder.EclipseLogger - Using platform encoding (Cp1252 actually) to copy filtered resources, i.e. build is platform dependent!
2022-10-23 01:22:02,023 [Worker-14: Building] INFO  o.e.m.c.i.embedder.EclipseLogger - Copying 0 resource
2022-10-23 01:22:02,024 [Worker-14: Building] WARN  o.e.m.c.i.embedder.EclipseLogger - Using platform encoding (Cp1252 actually) to copy filtered resources, i.e. build is platform dependent!
2022-10-23 01:22:02,025 [Worker-14: Building] INFO  o.e.m.c.i.embedder.EclipseLogger - Copying 0 resource
2022-10-26 21:36:51,225 [Worker-3: Loading available Gradle versions] INFO  o.e.b.c.i.u.g.PublishedGradleVersions - Gradle version information cache is out-of-date. Trying to update.
2022-10-26 21:36:51,385 [Worker-3: Loading available Gradle versions] INFO  o.e.b.c.i.u.g.PublishedGradleVersions - Updating Gradle version information cache failed. Using outdated cache.
2022-10-26 21:38:07,320 [Worker-2: Building] WARN  o.e.m.c.i.embedder.EclipseLogger - Using platform encoding (Cp1252 actually) to copy filtered resources, i.e. build is platform dependent!
2022-10-26 21:38:07,327 [Worker-2: Building] INFO  o.e.m.c.i.embedder.EclipseLogger - Copying 0 resource
2022-10-26 21:38:07,331 [Worker-2: Building] WARN  o.e.m.c.i.embedder.EclipseLogger - Using platform encoding (Cp1252 actually) to copy filtered resources, i.e. build is platform dependent!
2022-10-26 21:38:07,332 [Worker-2: Building] INFO  o.e.m.c.i.embedder.EclipseLogger - Copying 0 resource
2022-10-26 21:50:30,183 [Worker-9: Building] WARN  o.e.m.c.i.embedder.EclipseLogger - Using platform encoding (Cp1252 actually) to copy filtered resources, i.e. build is platform dependent!
2022-10-26 21:50:30,187 [Worker-9: Building] INFO  o.e.m.c.i.embedder.EclipseLogger - Copying 0 resource
2022-10-26 21:50:30,189 [Worker-9: Building] WARN  o.e.m.c.i.embedder.EclipseLogger - Using platform encoding (Cp1252 actually) to copy filtered resources, i.e. build is platform dependent!
2022-10-26 21:50:30,190 [Worker-9: Building] INFO  o.e.m.c.i.embedder.EclipseLogger - Copying 0 resource
2022-10-26 21:51:34,874 [Worker-4: Building] WARN  o.e.m.c.i.embedder.EclipseLogger - Using platform encoding (Cp1252 actually) to copy filtered resources, i.e. build is platform dependent!
2022-10-26 21:51:34,875 [Worker-4: Building] INFO  o.e.m.c.i.embedder.EclipseLogger - Copying 0 resource
2022-10-26 21:51:34,877 [Worker-4: Building] WARN  o.e.m.c.i.embedder.EclipseLogger - Using platform encoding (Cp1252 actually) to copy filtered resources, i.e. build is platform dependent!
2022-10-26 21:51:34,878 [Worker-4: Building] INFO  o.e.m.c.i.embedder.EclipseLogger - Copying 0 resource
2022-10-26 21:54:14,487 [Worker-12: Building] WARN  o.e.m.c.i.embedder.EclipseLogger - Using platform encoding (Cp1252 actually) to copy filtered resources, i.e. build is platform dependent!
2022-10-26 21:54:14,489 [Worker-12: Building] INFO  o.e.m.c.i.embedder.EclipseLogger - Copying 0 resource
2022-10-26 21:54:14,490 [Worker-12: Building] WARN  o.e.m.c.i.embedder.EclipseLogger - Using platform encoding (Cp1252 actually) to copy filtered resources, i.e. build is platform dependent!
2022-10-26 21:54:14,491 [Worker-12: Building] INFO  o.e.m.c.i.embedder.EclipseLogger - Copying 0 resource
2022-10-26 22:03:09,749 [Worker-15: Building] WARN  o.e.m.c.i.embedder.EclipseLogger - Using platform encoding (Cp1252 actually) to copy filtered resources, i.e. build is platform dependent!
2022-10-26 22:03:09,752 [Worker-15: Building] INFO  o.e.m.c.i.embedder.EclipseLogger - Copying 0 resource
2022-10-26 22:03:09,752 [Worker-15: Building] WARN  o.e.m.c.i.embedder.EclipseLogger - Using platform encoding (Cp1252 actually) to copy filtered resources, i.e. build is platform dependent!
2022-10-26 22:03:09,753 [Worker-15: Building] INFO  o.e.m.c.i.embedder.EclipseLogger - Copying 0 resource
2022-10-26 22:04:07,355 [Worker-10: Building] WARN  o.e.m.c.i.embedder.EclipseLogger - Using platform encoding (Cp1252 actually) to copy filtered resources, i.e. build is platform dependent!
2022-10-26 22:04:07,356 [Worker-10: Building] INFO  o.e.m.c.i.embedder.EclipseLogger - Copying 0 resource
2022-10-26 22:04:07,356 [Worker-10: Building] WARN  o.e.m.c.i.embedder.EclipseLogger - Using platform encoding (Cp1252 actually) to copy filtered resources, i.e. build is platform dependent!
2022-10-26 22:04:07,357 [Worker-10: Building] INFO  o.e.m.c.i.embedder.EclipseLogger - Copying 0 resource
2022-10-26 22:04:41,458 [Worker-10: Building] WARN  o.e.m.c.i.embedder.EclipseLogger - Using platform encoding (Cp1252 actually) to copy filtered resources, i.e. build is platform dependent!
2022-10-26 22:04:41,459 [Worker-10: Building] INFO  o.e.m.c.i.embedder.EclipseLogger - Copying 0 resource
2022-10-26 22:04:41,460 [Worker-10: Building] WARN  o.e.m.c.i.embedder.EclipseLogger - Using platform encoding (Cp1252 actually) to copy filtered resources, i.e. build is platform dependent!
2022-10-26 22:04:41,461 [Worker-10: Building] INFO  o.e.m.c.i.embedder.EclipseLogger - Copying 0 resource
2022-10-26 22:47:43,658 [Worker-19: Creating project "Product-App"] INFO  o.e.m.c.i.l.LifecycleMappingFactory - Using org.eclipse.m2e.jdt.JarLifecycleMapping lifecycle mapping for MavenProject: com.4elementsoftch.beans:Product-App:0.0.1-SNAPSHOT @ C:\Users\kalke\OneDrive\Desktop\DemoApplication\Product-App\pom.xml.
2022-10-26 22:47:43,884 [Worker-19: Creating project "Product-App"] INFO  o.e.m.j.i.AbstractJavaProjectConfigurator - Adding source folder /Product-App/src/main/java
2022-10-26 22:47:43,886 [Worker-19: Creating project "Product-App"] INFO  o.e.m.j.i.AbstractJavaProjectConfigurator - Adding resource folder /Product-App/src/main/resources
2022-10-26 22:47:43,887 [Worker-19: Creating project "Product-App"] INFO  o.e.m.j.i.AbstractJavaProjectConfigurator - Adding source folder /Product-App/src/test/java
2022-10-26 22:47:43,887 [Worker-19: Creating project "Product-App"] INFO  o.e.m.j.i.AbstractJavaProjectConfigurator - Adding resource folder /Product-App/src/test/resources
2022-10-26 22:47:44,311 [Worker-21: Building] WARN  o.e.m.c.i.embedder.EclipseLogger - Using platform encoding (Cp1252 actually) to copy filtered resources, i.e. build is platform dependent!
2022-10-26 22:47:44,313 [Worker-21: Building] INFO  o.e.m.c.i.embedder.EclipseLogger - Copying 0 resource
2022-10-26 22:47:44,316 [Worker-21: Building] WARN  o.e.m.c.i.embedder.EclipseLogger - Using platform encoding (Cp1252 actually) to copy filtered resources, i.e. build is platform dependent!
2022-10-26 22:47:44,318 [Worker-21: Building] INFO  o.e.m.c.i.embedder.EclipseLogger - Copying 0 resource
2022-10-26 22:48:44,782 [Worker-19: Building] WARN  o.e.m.c.i.embedder.EclipseLogger - Using platform encoding (Cp1252 actually) to copy filtered resources, i.e. build is platform dependent!
2022-10-26 22:48:44,784 [Worker-19: Building] INFO  o.e.m.c.i.embedder.EclipseLogger - Copying 0 resource
2022-10-26 22:48:44,785 [Worker-19: Building] WARN  o.e.m.c.i.embedder.EclipseLogger - Using platform encoding (Cp1252 actually) to copy filtered resources, i.e. build is platform dependent!
2022-10-26 22:48:44,786 [Worker-19: Building] INFO  o.e.m.c.i.embedder.EclipseLogger - Copying 0 resource
2022-10-26 22:49:20,150 [main] INFO  o.e.m2e.actions.ExecutePomAction - Using existing launch configuration
2022-10-26 22:49:20,643 [Worker-22: Launching 4Elementsoftech] INFO  o.e.m.i.launch.MavenLaunchDelegate - C:\Users\kalke\OneDrive\Desktop\DemoApplication\4Elementsoftech
2022-10-26 22:49:20,643 [Worker-22: Launching 4Elementsoftech] INFO  o.e.m.i.launch.MavenLaunchDelegate -  mvn -B clean -Dstyle.color=always
2022-10-26 22:49:58,624 [Worker-22: Building] WARN  o.e.m.c.i.embedder.EclipseLogger - Using platform encoding (Cp1252 actually) to copy filtered resources, i.e. build is platform dependent!
2022-10-26 22:49:58,626 [Worker-22: Building] INFO  o.e.m.c.i.embedder.EclipseLogger - Copying 0 resource
2022-10-26 22:49:58,626 [Worker-22: Building] WARN  o.e.m.c.i.embedder.EclipseLogger - Using platform encoding (Cp1252 actually) to copy filtered resources, i.e. build is platform dependent!
2022-10-26 22:49:58,628 [Worker-22: Building] INFO  o.e.m.c.i.embedder.EclipseLogger - Copying 0 resource
2022-10-26 22:50:08,481 [main] INFO  o.e.m2e.actions.ExecutePomAction - Creating new launch configuration
2022-10-26 22:50:20,656 [Worker-22: Launching 4Elementsoftech (1)] INFO  o.e.m.i.launch.MavenLaunchDelegate - C:\Users\kalke\OneDrive\Desktop\DemoApplication\4Elementsoftech
2022-10-26 22:50:20,656 [Worker-22: Launching 4Elementsoftech (1)] INFO  o.e.m.i.launch.MavenLaunchDelegate -  mvn -B package -Dstyle.color=always
2022-10-26 22:52:03,786 [main] INFO  o.e.m2e.actions.ExecutePomAction - Creating new launch configuration
2022-10-26 22:52:12,505 [Worker-22: Launching 4Elementsoftech (2)] INFO  o.e.m.i.launch.MavenLaunchDelegate - C:\Users\kalke\OneDrive\Desktop\DemoApplication\4Elementsoftech
2022-10-26 22:52:12,506 [Worker-22: Launching 4Elementsoftech (2)] INFO  o.e.m.i.launch.MavenLaunchDelegate -  mvn -B compile -Dstyle.color=always
2022-10-26 22:54:09,060 [main] INFO  o.e.m2e.actions.ExecutePomAction - Creating new launch configuration
2022-10-26 22:54:19,834 [Worker-25: Launching 4Elementsoftech (3)] INFO  o.e.m.i.launch.MavenLaunchDelegate - C:\Users\kalke\OneDrive\Desktop\DemoApplication\4Elementsoftech
2022-10-26 22:54:19,834 [Worker-25: Launching 4Elementsoftech (3)] INFO  o.e.m.i.launch.MavenLaunchDelegate -  mvn -B compile -Dstyle.color=always
2022-10-26 22:55:39,676 [Worker-27: Launching 4Elementsoftech] INFO  o.e.m.i.launch.MavenLaunchDelegate - C:\Users\kalke\OneDrive\Desktop\DemoApplication\4Elementsoftech
2022-10-26 22:55:39,677 [Worker-27: Launching 4Elementsoftech] INFO  o.e.m.i.launch.MavenLaunchDelegate -  mvn -B clean -Dstyle.color=always
2022-10-26 22:56:57,953 [Worker-27: Launching 4Elementsoftech (3)] INFO  o.e.m.i.launch.MavenLaunchDelegate - C:\Users\kalke\OneDrive\Desktop\DemoApplication\4Elementsoftech
2022-10-26 22:56:57,953 [Worker-27: Launching 4Elementsoftech (3)] INFO  o.e.m.i.launch.MavenLaunchDelegate -  mvn -B compile -Dstyle.color=always
2022-10-26 23:01:59,786 [Worker-25: Compute Mappings for project 4Elementsoftech] INFO  o.e.m.c.i.l.LifecycleMappingFactory - Using org.eclipse.m2e.jdt.JarLifecycleMapping lifecycle mapping for MavenProject: com.4Elementsoftech:4Elementsoftech:2.0.0 @ C:\Users\kalke\OneDrive\Desktop\DemoApplication\4Elementsoftech\pom.xml.
2022-10-26 23:02:27,275 [Worker-29: Rebuilding] WARN  o.e.m.c.i.embedder.EclipseLogger - Using platform encoding (Cp1252 actually) to copy filtered resources, i.e. build is platform dependent!
2022-10-26 23:02:27,280 [Worker-29: Rebuilding] INFO  o.e.m.c.i.embedder.EclipseLogger - Copying 0 resource
2022-10-26 23:02:27,281 [Worker-29: Rebuilding] WARN  o.e.m.c.i.embedder.EclipseLogger - Using platform encoding (Cp1252 actually) to copy filtered resources, i.e. build is platform dependent!
2022-10-26 23:02:27,284 [Worker-29: Rebuilding] INFO  o.e.m.c.i.embedder.EclipseLogger - Copying 0 resource
2022-10-26 23:02:27,322 [Worker-29: Rebuilding] WARN  o.e.m.c.i.embedder.EclipseLogger - Using platform encoding (Cp1252 actually) to copy filtered resources, i.e. build is platform dependent!
2022-10-26 23:02:27,323 [Worker-29: Rebuilding] INFO  o.e.m.c.i.embedder.EclipseLogger - Copying 0 resource
2022-10-26 23:02:27,324 [Worker-29: Rebuilding] WARN  o.e.m.c.i.embedder.EclipseLogger - Using platform encoding (Cp1252 actually) to copy filtered resources, i.e. build is platform dependent!
2022-10-26 23:02:27,325 [Worker-29: Rebuilding] INFO  o.e.m.c.i.embedder.EclipseLogger - Copying 0 resource
2022-10-26 23:03:52,626 [Worker-25: Building] WARN  o.e.m.c.i.embedder.EclipseLogger - Using platform encoding (Cp1252 actually) to copy filtered resources, i.e. build is platform dependent!
2022-10-26 23:03:52,628 [Worker-25: Building] INFO  o.e.m.c.i.embedder.EclipseLogger - Copying 0 resource
2022-10-26 23:03:52,631 [Worker-25: Building] WARN  o.e.m.c.i.embedder.EclipseLogger - Using platform encoding (Cp1252 actually) to copy filtered resources, i.e. build is platform dependent!
2022-10-26 23:03:52,631 [Worker-25: Building] INFO  o.e.m.c.i.embedder.EclipseLogger - Copying 0 resource
2022-10-26 23:03:52,637 [Worker-25: Building] WARN  o.e.m.c.i.embedder.EclipseLogger - Using platform encoding (Cp1252 actually) to copy filtered resources, i.e. build is platform dependent!
2022-10-26 23:03:52,639 [Worker-25: Building] INFO  o.e.m.c.i.embedder.EclipseLogger - Copying 0 resource
2022-10-26 23:03:52,641 [Worker-25: Building] WARN  o.e.m.c.i.embedder.EclipseLogger - Using platform encoding (Cp1252 actually) to copy filtered resources, i.e. build is platform dependent!
2022-10-26 23:03:52,643 [Worker-25: Building] INFO  o.e.m.c.i.embedder.EclipseLogger - Copying 0 resource
2022-10-26 23:03:58,647 [Worker-33: Building] WARN  o.e.m.c.i.embedder.EclipseLogger - Using platform encoding (Cp1252 actually) to copy filtered resources, i.e. build is platform dependent!
2022-10-26 23:03:58,648 [Worker-33: Building] INFO  o.e.m.c.i.embedder.EclipseLogger - Copying 0 resource
2022-10-26 23:03:58,649 [Worker-33: Building] WARN  o.e.m.c.i.embedder.EclipseLogger - Using platform encoding (Cp1252 actually) to copy filtered resources, i.e. build is platform dependent!
2022-10-26 23:03:58,650 [Worker-33: Building] INFO  o.e.m.c.i.embedder.EclipseLogger - Copying 0 resource
2022-10-26 23:03:58,732 [Worker-33: Building] WARN  o.e.m.c.i.embedder.EclipseLogger - Using platform encoding (Cp1252 actually) to copy filtered resources, i.e. build is platform dependent!
2022-10-26 23:03:58,734 [Worker-33: Building] INFO  o.e.m.c.i.embedder.EclipseLogger - Copying 0 resource
2022-10-26 23:03:58,736 [Worker-33: Building] WARN  o.e.m.c.i.embedder.EclipseLogger - Using platform encoding (Cp1252 actually) to copy filtered resources, i.e. build is platform dependent!
2022-10-26 23:03:58,737 [Worker-33: Building] INFO  o.e.m.c.i.embedder.EclipseLogger - Copying 0 resource
2022-10-26 23:04:14,128 [Worker-31: Building] WARN  o.e.m.c.i.embedder.EclipseLogger - Using platform encoding (Cp1252 actually) to copy filtered resources, i.e. build is platform dependent!
2022-10-26 23:04:14,131 [Worker-31: Building] INFO  o.e.m.c.i.embedder.EclipseLogger - Copying 0 resource
2022-10-26 23:04:14,133 [Worker-31: Building] WARN  o.e.m.c.i.embedder.EclipseLogger - Using platform encoding (Cp1252 actually) to copy filtered resources, i.e. build is platform dependent!
2022-10-26 23:04:14,134 [Worker-31: Building] INFO  o.e.m.c.i.embedder.EclipseLogger - Copying 0 resource
2022-10-26 23:04:36,448 [Worker-32: Updating Maven Project] INFO  o.e.m.c.i.p.ProjectConfigurationManager - Update started
2022-10-26 23:04:36,867 [Worker-32: Updating Maven Project] INFO  o.e.m.c.i.l.LifecycleMappingFactory - Using org.eclipse.m2e.jdt.JarLifecycleMapping lifecycle mapping for MavenProject: com.4Elementsoftech:4Elementsoftech:2.0.0 @ C:\Users\kalke\OneDrive\Desktop\DemoApplication\4Elementsoftech\pom.xml.
2022-10-26 23:04:36,890 [Worker-32: Updating Maven Project] INFO  o.e.m.c.i.l.LifecycleMappingFactory - Using org.eclipse.m2e.jdt.JarLifecycleMapping lifecycle mapping for MavenProject: com.4elementsoftch.beans:Product-App:0.0.1-SNAPSHOT @ C:\Users\kalke\OneDrive\Desktop\DemoApplication\Product-App\pom.xml.
2022-10-26 23:04:37,152 [Worker-32: Updating Maven Project] INFO  o.e.m.j.i.AbstractJavaProjectConfigurator - Adding source folder /4Elementsoftech/src/main/java
2022-10-26 23:04:37,153 [Worker-32: Updating Maven Project] INFO  o.e.m.j.i.AbstractJavaProjectConfigurator - Adding resource folder /4Elementsoftech/src/main/resources
2022-10-26 23:04:37,153 [Worker-32: Updating Maven Project] INFO  o.e.m.j.i.AbstractJavaProjectConfigurator - Adding source folder /4Elementsoftech/src/test/java
2022-10-26 23:04:37,154 [Worker-32: Updating Maven Project] INFO  o.e.m.j.i.AbstractJavaProjectConfigurator - Adding resource folder /4Elementsoftech/src/test/resources
2022-10-26 23:04:37,195 [Worker-32: Updating Maven Project] INFO  o.e.m.j.i.AbstractJavaProjectConfigurator - Adding source folder /Product-App/src/main/java
2022-10-26 23:04:37,196 [Worker-32: Updating Maven Project] INFO  o.e.m.j.i.AbstractJavaProjectConfigurator - Adding resource folder /Product-App/src/main/resources
2022-10-26 23:04:37,197 [Worker-32: Updating Maven Project] INFO  o.e.m.j.i.AbstractJavaProjectConfigurator - Adding source folder /Product-App/src/test/java
2022-10-26 23:04:37,197 [Worker-32: Updating Maven Project] INFO  o.e.m.j.i.AbstractJavaProjectConfigurator - Adding resource folder /Product-App/src/test/resources
2022-10-26 23:04:37,279 [Worker-32: Updating Maven Project] INFO  o.e.m.c.i.p.ProjectConfigurationManager - Update completed: 0 sec
2022-10-26 23:04:37,421 [Worker-34: Building] WARN  o.e.m.c.i.embedder.EclipseLogger - Using platform encoding (Cp1252 actually) to copy filtered resources, i.e. build is platform dependent!
2022-10-26 23:04:37,422 [Worker-34: Building] INFO  o.e.m.c.i.embedder.EclipseLogger - Copying 0 resource
2022-10-26 23:04:37,423 [Worker-34: Building] WARN  o.e.m.c.i.embedder.EclipseLogger - Using platform encoding (Cp1252 actually) to copy filtered resources, i.e. build is platform dependent!
2022-10-26 23:04:37,424 [Worker-34: Building] INFO  o.e.m.c.i.embedder.EclipseLogger - Copying 0 resource
2022-10-26 23:04:37,631 [Worker-34: Building] WARN  o.e.m.c.i.embedder.EclipseLogger - Using platform encoding (Cp1252 actually) to copy filtered resources, i.e. build is platform dependent!
2022-10-26 23:04:37,632 [Worker-34: Building] INFO  o.e.m.c.i.embedder.EclipseLogger - Copying 0 resource
2022-10-26 23:04:37,633 [Worker-34: Building] WARN  o.e.m.c.i.embedder.EclipseLogger - Using platform encoding (Cp1252 actually) to copy filtered resources, i.e. build is platform dependent!
2022-10-26 23:04:37,635 [Worker-34: Building] INFO  o.e.m.c.i.embedder.EclipseLogger - Copying 0 resource
2022-10-26 23:04:54,156 [main] INFO  o.e.m2e.actions.ExecutePomAction - Creating new launch configuration
2022-10-26 23:05:05,432 [Worker-29: Launching 4Elementsoftech (4)] INFO  o.e.m.i.launch.MavenLaunchDelegate - C:\Users\kalke\OneDrive\Desktop\DemoApplication\4Elementsoftech
2022-10-26 23:05:05,433 [Worker-29: Launching 4Elementsoftech (4)] INFO  o.e.m.i.launch.MavenLaunchDelegate -  mvn -B clean compile -Dstyle.color=always
2022-10-26 23:05:34,750 [main] INFO  o.e.m2e.actions.ExecutePomAction - Creating new launch configuration
2022-10-26 23:05:50,133 [Worker-35: Launching 4Elementsoftech (5)] INFO  o.e.m.i.launch.MavenLaunchDelegate - C:\Users\kalke\OneDrive\Desktop\DemoApplication\4Elementsoftech
2022-10-26 23:05:50,133 [Worker-35: Launching 4Elementsoftech (5)] INFO  o.e.m.i.launch.MavenLaunchDelegate -  mvn -B clean package -Dstyle.color=always
2022-10-26 23:06:11,334 [Worker-35: Building] WARN  o.e.m.c.i.embedder.EclipseLogger - Using platform encoding (Cp1252 actually) to copy filtered resources, i.e. build is platform dependent!
2022-10-26 23:06:11,336 [Worker-35: Building] INFO  o.e.m.c.i.embedder.EclipseLogger - Copying 0 resource
2022-10-26 23:06:11,337 [Worker-35: Building] WARN  o.e.m.c.i.embedder.EclipseLogger - Using platform encoding (Cp1252 actually) to copy filtered resources, i.e. build is platform dependent!
2022-10-26 23:06:11,338 [Worker-35: Building] INFO  o.e.m.c.i.embedder.EclipseLogger - Copying 0 resource
2022-10-26 23:20:28,547 [Worker-2: Loading available Gradle versions] INFO  o.e.b.c.i.u.g.PublishedGradleVersions - Gradle version information cache is out-of-date. Trying to update.
2022-10-26 23:20:53,469 [Worker-4: Launching 4Elementsoftech (5)] INFO  o.e.m.i.launch.MavenLaunchDelegate - C:\Users\kalke\OneDrive\Desktop\DemoApplication\4Elementsoftech
2022-10-26 23:20:53,473 [Worker-4: Launching 4Elementsoftech (5)] INFO  o.e.m.i.launch.MavenLaunchDelegate -  mvn -B clean package -Dstyle.color=always
2022-10-26 23:27:12,136 [Worker-4: Loading available Gradle versions] INFO  o.e.b.c.i.u.g.PublishedGradleVersions - Gradle version information cache is up-to-date. Trying to read.
2022-10-26 23:27:12,983 [Worker-6: Building] WARN  o.e.m.c.i.embedder.EclipseLogger - Using platform encoding (Cp1252 actually) to copy filtered resources, i.e. build is platform dependent!
2022-10-26 23:27:12,990 [Worker-6: Building] INFO  o.e.m.c.i.embedder.EclipseLogger - Copying 0 resource
2022-10-26 23:27:12,994 [Worker-6: Building] WARN  o.e.m.c.i.embedder.EclipseLogger - Using platform encoding (Cp1252 actually) to copy filtered resources, i.e. build is platform dependent!
2022-10-26 23:27:12,995 [Worker-6: Building] INFO  o.e.m.c.i.embedder.EclipseLogger - Copying 0 resource
2022-10-26 23:27:13,250 [Worker-6: Building] WARN  o.e.m.c.i.embedder.EclipseLogger - Using platform encoding (Cp1252 actually) to copy filtered resources, i.e. build is platform dependent!
2022-10-26 23:27:13,251 [Worker-6: Building] INFO  o.e.m.c.i.embedder.EclipseLogger - Copying 0 resource
2022-10-26 23:27:13,252 [Worker-6: Building] WARN  o.e.m.c.i.embedder.EclipseLogger - Using platform encoding (Cp1252 actually) to copy filtered resources, i.e. build is platform dependent!
2022-10-26 23:27:13,253 [Worker-6: Building] INFO  o.e.m.c.i.embedder.EclipseLogger - Copying 0 resource
2022-10-26 23:28:21,441 [Worker-7: Building] WARN  o.e.m.c.i.embedder.EclipseLogger - Using platform encoding (Cp1252 actually) to copy filtered resources, i.e. build is platform dependent!
2022-10-26 23:28:21,452 [Worker-7: Building] INFO  o.e.m.c.i.embedder.EclipseLogger - Copying 0 resource
2022-10-26 23:28:21,453 [Worker-7: Building] WARN  o.e.m.c.i.embedder.EclipseLogger - Using platform encoding (Cp1252 actually) to copy filtered resources, i.e. build is platform dependent!
2022-10-26 23:28:21,454 [Worker-7: Building] INFO  o.e.m.c.i.embedder.EclipseLogger - Copying 0 resource
2022-10-26 23:29:06,843 [Worker-8: Building] WARN  o.e.m.c.i.embedder.EclipseLogger - Using platform encoding (Cp1252 actually) to copy filtered resources, i.e. build is platform dependent!
2022-10-26 23:29:06,847 [Worker-8: Building] INFO  o.e.m.c.i.embedder.EclipseLogger - Copying 0 resource
2022-10-26 23:29:06,849 [Worker-8: Building] WARN  o.e.m.c.i.embedder.EclipseLogger - Using platform encoding (Cp1252 actually) to copy filtered resources, i.e. build is platform dependent!
2022-10-26 23:29:06,851 [Worker-8: Building] INFO  o.e.m.c.i.embedder.EclipseLogger - Copying 0 resource
2022-10-26 23:32:42,354 [Worker-8: Building] WARN  o.e.m.c.i.embedder.EclipseLogger - Using platform encoding (Cp1252 actually) to copy filtered resources, i.e. build is platform dependent!
2022-10-26 23:32:42,356 [Worker-8: Building] INFO  o.e.m.c.i.embedder.EclipseLogger - Copying 0 resource
2022-10-26 23:32:42,357 [Worker-8: Building] WARN  o.e.m.c.i.embedder.EclipseLogger - Using platform encoding (Cp1252 actually) to copy filtered resources, i.e. build is platform dependent!
2022-10-26 23:32:42,359 [Worker-8: Building] INFO  o.e.m.c.i.embedder.EclipseLogger - Copying 0 resource
2022-10-26 23:34:23,938 [Worker-2: Creating project "User-APP"] INFO  o.e.m.c.i.l.LifecycleMappingFactory - Using org.eclipse.m2e.jdt.JarLifecycleMapping lifecycle mapping for MavenProject: com.elements:User-APP:0.0.1-SNAPSHOT @ C:\Users\kalke\OneDrive\Desktop\DemoApplication\User-APP\pom.xml.
2022-10-26 23:34:24,256 [Worker-2: Creating project "User-APP"] INFO  o.e.m.j.i.AbstractJavaProjectConfigurator - Adding source folder /User-APP/src/main/java
2022-10-26 23:34:24,259 [Worker-2: Creating project "User-APP"] INFO  o.e.m.j.i.AbstractJavaProjectConfigurator - Adding resource folder /User-APP/src/main/resources
2022-10-26 23:34:24,260 [Worker-2: Creating project "User-APP"] INFO  o.e.m.j.i.AbstractJavaProjectConfigurator - Adding source folder /User-APP/src/test/java
2022-10-26 23:34:24,261 [Worker-2: Creating project "User-APP"] INFO  o.e.m.j.i.AbstractJavaProjectConfigurator - Adding resource folder /User-APP/src/test/resources
2022-10-26 23:34:24,595 [Worker-2: Building] WARN  o.e.m.c.i.embedder.EclipseLogger - Using platform encoding (Cp1252 actually) to copy filtered resources, i.e. build is platform dependent!
2022-10-26 23:34:24,597 [Worker-2: Building] INFO  o.e.m.c.i.embedder.EclipseLogger - Copying 0 resource
2022-10-26 23:34:24,598 [Worker-2: Building] WARN  o.e.m.c.i.embedder.EclipseLogger - Using platform encoding (Cp1252 actually) to copy filtered resources, i.e. build is platform dependent!
2022-10-26 23:34:24,599 [Worker-2: Building] INFO  o.e.m.c.i.embedder.EclipseLogger - Copying 0 resource
2022-10-26 23:35:04,376 [main] INFO  o.e.m2e.actions.ExecutePomAction - Creating new launch configuration
2022-10-26 23:35:17,146 [Worker-2: Launching 4Elementsoftech (6)] INFO  o.e.m.i.launch.MavenLaunchDelegate - C:\Users\kalke\OneDrive\Desktop\DemoApplication\4Elementsoftech
2022-10-26 23:35:17,147 [Worker-2: Launching 4Elementsoftech (6)] INFO  o.e.m.i.launch.MavenLaunchDelegate -  mvn -B clean install -Dstyle.color=always
2022-10-26 23:40:56,681 [Worker-2: Building] INFO  o.e.m.c.i.l.LifecycleMappingFactory - Using org.eclipse.m2e.jdt.JarLifecycleMapping lifecycle mapping for MavenProject: com.elements:User-APP:0.0.1-SNAPSHOT @ C:\Users\kalke\OneDrive\Desktop\DemoApplication\User-APP\pom.xml.
2022-10-26 23:40:56,685 [Worker-2: Building] INFO  o.e.m.c.i.p.WorkspaceClassifierResolverManager - Resolving P/4Elementsoftech: com.4Elementsoftech:4Elementsoftech:2.0.0 with classifier  to /4Elementsoftech/target/classes
2022-10-26 23:40:56,768 [Worker-2: Building] WARN  o.e.m.c.i.embedder.EclipseLogger - Using platform encoding (Cp1252 actually) to copy filtered resources, i.e. build is platform dependent!
2022-10-26 23:40:56,769 [Worker-2: Building] INFO  o.e.m.c.i.embedder.EclipseLogger - Copying 0 resource
2022-10-26 23:40:56,770 [Worker-2: Building] WARN  o.e.m.c.i.embedder.EclipseLogger - Using platform encoding (Cp1252 actually) to copy filtered resources, i.e. build is platform dependent!
2022-10-26 23:40:56,772 [Worker-2: Building] INFO  o.e.m.c.i.embedder.EclipseLogger - Copying 0 resource
2022-10-26 23:40:57,930 [Worker-11: Building] INFO  o.e.m.c.i.p.WorkspaceClassifierResolverManager - Resolving P/4Elementsoftech: com.4Elementsoftech:4Elementsoftech:2.0.0 with classifier  to /4Elementsoftech/target/classes
2022-10-26 23:40:57,933 [Worker-11: Building] WARN  o.e.m.c.i.embedder.EclipseLogger - Using platform encoding (Cp1252 actually) to copy filtered resources, i.e. build is platform dependent!
2022-10-26 23:40:57,935 [Worker-11: Building] INFO  o.e.m.c.i.embedder.EclipseLogger - Copying 0 resource
2022-10-26 23:40:57,936 [Worker-11: Building] WARN  o.e.m.c.i.embedder.EclipseLogger - Using platform encoding (Cp1252 actually) to copy filtered resources, i.e. build is platform dependent!
2022-10-26 23:40:57,938 [Worker-11: Building] INFO  o.e.m.c.i.embedder.EclipseLogger - Copying 0 resource
2022-10-26 23:42:27,820 [Worker-11: Building] WARN  o.e.m.c.i.embedder.EclipseLogger - Using platform encoding (Cp1252 actually) to copy filtered resources, i.e. build is platform dependent!
2022-10-26 23:42:27,822 [Worker-11: Building] INFO  o.e.m.c.i.embedder.EclipseLogger - Copying 0 resource
2022-10-26 23:42:27,824 [Worker-11: Building] WARN  o.e.m.c.i.embedder.EclipseLogger - Using platform encoding (Cp1252 actually) to copy filtered resources, i.e. build is platform dependent!
2022-10-26 23:42:27,825 [Worker-11: Building] INFO  o.e.m.c.i.embedder.EclipseLogger - Copying 0 resource
2022-10-26 23:45:48,327 [main] INFO  o.e.m2e.actions.ExecutePomAction - Creating new launch configuration
2022-10-26 23:46:00,796 [Worker-11: Launching 4Elementsoftech (7)] INFO  o.e.m.i.launch.MavenLaunchDelegate - C:\Users\kalke\OneDrive\Desktop\DemoApplication\4Elementsoftech
2022-10-26 23:46:00,796 [Worker-11: Launching 4Elementsoftech (7)] INFO  o.e.m.i.launch.MavenLaunchDelegate -  mvn -B Test -Dstyle.color=always
2022-10-26 23:46:18,994 [Worker-14: Building] WARN  o.e.m.c.i.embedder.EclipseLogger - Using platform encoding (Cp1252 actually) to copy filtered resources, i.e. build is platform dependent!
2022-10-26 23:46:18,996 [Worker-14: Building] INFO  o.e.m.c.i.embedder.EclipseLogger - Copying 0 resource
2022-10-26 23:46:18,997 [Worker-14: Building] WARN  o.e.m.c.i.embedder.EclipseLogger - Using platform encoding (Cp1252 actually) to copy filtered resources, i.e. build is platform dependent!
2022-10-26 23:46:18,999 [Worker-14: Building] INFO  o.e.m.c.i.embedder.EclipseLogger - Copying 0 resource
2022-10-26 23:46:20,009 [Worker-15: Building] WARN  o.e.m.c.i.embedder.EclipseLogger - Using platform encoding (Cp1252 actually) to copy filtered resources, i.e. build is platform dependent!
2022-10-26 23:46:20,011 [Worker-15: Building] INFO  o.e.m.c.i.embedder.EclipseLogger - Copying 0 resource
2022-10-26 23:46:20,012 [Worker-15: Building] WARN  o.e.m.c.i.embedder.EclipseLogger - Using platform encoding (Cp1252 actually) to copy filtered resources, i.e. build is platform dependent!
2022-10-26 23:46:20,013 [Worker-15: Building] INFO  o.e.m.c.i.embedder.EclipseLogger - Copying 0 resource
2022-10-26 23:47:30,713 [Worker-15: Building] WARN  o.e.m.c.i.embedder.EclipseLogger - Using platform encoding (Cp1252 actually) to copy filtered resources, i.e. build is platform dependent!
2022-10-26 23:47:30,714 [Worker-15: Building] INFO  o.e.m.c.i.embedder.EclipseLogger - Copying 0 resource
2022-10-26 23:47:30,716 [Worker-15: Building] WARN  o.e.m.c.i.embedder.EclipseLogger - Using platform encoding (Cp1252 actually) to copy filtered resources, i.e. build is platform dependent!
2022-10-26 23:47:30,717 [Worker-15: Building] INFO  o.e.m.c.i.embedder.EclipseLogger - Copying 0 resource
2022-10-26 23:48:14,526 [main] INFO  o.e.m2e.actions.ExecutePomAction - Creating new launch configuration
2022-10-26 23:48:21,385 [Worker-14: Launching 4Elementsoftech (8)] INFO  o.e.m.i.launch.MavenLaunchDelegate - C:\Users\kalke\OneDrive\Desktop\DemoApplication\4Elementsoftech
2022-10-26 23:48:21,386 [Worker-14: Launching 4Elementsoftech (8)] INFO  o.e.m.i.launch.MavenLaunchDelegate -  mvn -B test -Dstyle.color=always
2022-10-26 23:48:43,274 [Worker-14: Launching 4Elementsoftech] INFO  o.e.m.i.launch.MavenLaunchDelegate - C:\Users\kalke\OneDrive\Desktop\DemoApplication\4Elementsoftech
2022-10-26 23:48:43,275 [Worker-14: Launching 4Elementsoftech] INFO  o.e.m.i.launch.MavenLaunchDelegate -  mvn -B clean -Dstyle.color=always
2022-10-26 23:49:28,440 [Worker-2: Building] WARN  o.e.m.c.i.embedder.EclipseLogger - Using platform encoding (Cp1252 actually) to copy filtered resources, i.e. build is platform dependent!
2022-10-26 23:49:28,442 [Worker-2: Building] INFO  o.e.m.c.i.embedder.EclipseLogger - Copying 0 resource
2022-10-26 23:49:28,443 [Worker-2: Building] WARN  o.e.m.c.i.embedder.EclipseLogger - Using platform encoding (Cp1252 actually) to copy filtered resources, i.e. build is platform dependent!
2022-10-26 23:49:28,445 [Worker-2: Building] INFO  o.e.m.c.i.embedder.EclipseLogger - Copying 0 resource
2022-10-26 23:49:47,013 [Worker-15: Launching 4Elementsoftech (6)] INFO  o.e.m.i.launch.MavenLaunchDelegate - C:\Users\kalke\OneDrive\Desktop\DemoApplication\4Elementsoftech
2022-10-26 23:49:47,013 [Worker-15: Launching 4Elementsoftech (6)] INFO  o.e.m.i.launch.MavenLaunchDelegate -  mvn -B clean install -Dstyle.color=always
2022-10-26 23:50:55,398 [Worker-14: Rebuilding] WARN  o.e.m.c.i.embedder.EclipseLogger - Using platform encoding (Cp1252 actually) to copy filtered resources, i.e. build is platform dependent!
2022-10-26 23:50:55,400 [Worker-14: Rebuilding] INFO  o.e.m.c.i.embedder.EclipseLogger - Copying 0 resource
2022-10-26 23:50:55,401 [Worker-14: Rebuilding] WARN  o.e.m.c.i.embedder.EclipseLogger - Using platform encoding (Cp1252 actually) to copy filtered resources, i.e. build is platform dependent!
2022-10-26 23:50:55,402 [Worker-14: Rebuilding] INFO  o.e.m.c.i.embedder.EclipseLogger - Copying 0 resource
2022-10-26 23:50:55,457 [Worker-14: Rebuilding] WARN  o.e.m.c.i.embedder.EclipseLogger - Using platform encoding (Cp1252 actually) to copy filtered resources, i.e. build is platform dependent!
2022-10-26 23:50:55,458 [Worker-14: Rebuilding] INFO  o.e.m.c.i.embedder.EclipseLogger - Copying 0 resource
2022-10-26 23:50:55,459 [Worker-14: Rebuilding] WARN  o.e.m.c.i.embedder.EclipseLogger - Using platform encoding (Cp1252 actually) to copy filtered resources, i.e. build is platform dependent!
2022-10-26 23:50:55,461 [Worker-14: Rebuilding] INFO  o.e.m.c.i.embedder.EclipseLogger - Copying 0 resource
2022-10-26 23:50:55,509 [Worker-14: Rebuilding] WARN  o.e.m.c.i.embedder.EclipseLogger - Using platform encoding (Cp1252 actually) to copy filtered resources, i.e. build is platform dependent!
2022-10-26 23:50:55,510 [Worker-14: Rebuilding] INFO  o.e.m.c.i.embedder.EclipseLogger - Copying 0 resource
2022-10-26 23:50:55,513 [Worker-14: Rebuilding] WARN  o.e.m.c.i.embedder.EclipseLogger - Using platform encoding (Cp1252 actually) to copy filtered resources, i.e. build is platform dependent!
2022-10-26 23:50:55,515 [Worker-14: Rebuilding] INFO  o.e.m.c.i.embedder.EclipseLogger - Copying 0 resource
2022-10-26 23:51:25,145 [Worker-14: Launching 4Elementsoftech] INFO  o.e.m.i.launch.MavenLaunchDelegate - C:\Users\kalke\OneDrive\Desktop\DemoApplication\4Elementsoftech
2022-10-26 23:51:25,146 [Worker-14: Launching 4Elementsoftech] INFO  o.e.m.i.launch.MavenLaunchDelegate -  mvn -B clean -Dstyle.color=always
2022-10-26 23:51:39,505 [main] INFO  o.e.m2e.actions.ExecutePomAction - Creating new launch configuration
2022-10-26 23:51:47,351 [Worker-16: Launching 4Elementsoftech (9)] INFO  o.e.m.i.launch.MavenLaunchDelegate - C:\Users\kalke\OneDrive\Desktop\DemoApplication\4Elementsoftech
2022-10-26 23:51:47,351 [Worker-16: Launching 4Elementsoftech (9)] INFO  o.e.m.i.launch.MavenLaunchDelegate -  mvn -B clean -Dstyle.color=always
2022-10-26 23:53:04,804 [Worker-17: Updating Maven Project] INFO  o.e.m.c.i.p.ProjectConfigurationManager - Update started
2022-10-26 23:53:05,158 [Worker-17: Updating Maven Project] INFO  o.e.m.c.i.l.LifecycleMappingFactory - Using org.eclipse.m2e.jdt.JarLifecycleMapping lifecycle mapping for MavenProject: com.elements:User-APP:0.0.1-SNAPSHOT @ C:\Users\kalke\OneDrive\Desktop\DemoApplication\User-APP\pom.xml.
2022-10-26 23:53:05,160 [Worker-17: Updating Maven Project] INFO  o.e.m.c.i.p.WorkspaceClassifierResolverManager - Resolving P/4Elementsoftech: com.4Elementsoftech:4Elementsoftech:2.0.0 with classifier  to /4Elementsoftech/target/classes
2022-10-26 23:53:05,188 [Worker-17: Updating Maven Project] INFO  o.e.m.c.i.l.LifecycleMappingFactory - Using org.eclipse.m2e.jdt.JarLifecycleMapping lifecycle mapping for MavenProject: com.4Elementsoftech:4Elementsoftech:2.0.0 @ C:\Users\kalke\OneDrive\Desktop\DemoApplication\4Elementsoftech\pom.xml.
2022-10-26 23:53:05,212 [Worker-17: Updating Maven Project] INFO  o.e.m.c.i.l.LifecycleMappingFactory - Using org.eclipse.m2e.jdt.JarLifecycleMapping lifecycle mapping for MavenProject: com.4elementsoftch.beans:Product-App:0.0.1-SNAPSHOT @ C:\Users\kalke\OneDrive\Desktop\DemoApplication\Product-App\pom.xml.
2022-10-26 23:53:05,749 [Worker-17: Updating Maven Project] INFO  o.e.m.j.i.AbstractJavaProjectConfigurator - Adding source folder /4Elementsoftech/src/main/java
2022-10-26 23:53:05,750 [Worker-17: Updating Maven Project] INFO  o.e.m.j.i.AbstractJavaProjectConfigurator - Adding resource folder /4Elementsoftech/src/main/resources
2022-10-26 23:53:05,750 [Worker-17: Updating Maven Project] INFO  o.e.m.j.i.AbstractJavaProjectConfigurator - Adding source folder /4Elementsoftech/src/test/java
2022-10-26 23:53:05,751 [Worker-17: Updating Maven Project] INFO  o.e.m.j.i.AbstractJavaProjectConfigurator - Adding resource folder /4Elementsoftech/src/test/resources
2022-10-26 23:53:05,805 [Worker-17: Updating Maven Project] INFO  o.e.m.j.i.AbstractJavaProjectConfigurator - Adding source folder /Product-App/src/main/java
2022-10-26 23:53:05,805 [Worker-17: Updating Maven Project] INFO  o.e.m.j.i.AbstractJavaProjectConfigurator - Adding resource folder /Product-App/src/main/resources
2022-10-26 23:53:05,805 [Worker-17: Updating Maven Project] INFO  o.e.m.j.i.AbstractJavaProjectConfigurator - Adding source folder /Product-App/src/test/java
2022-10-26 23:53:05,806 [Worker-17: Updating Maven Project] INFO  o.e.m.j.i.AbstractJavaProjectConfigurator - Adding resource folder /Product-App/src/test/resources
2022-10-26 23:53:05,857 [Worker-17: Updating Maven Project] INFO  o.e.m.j.i.AbstractJavaProjectConfigurator - Adding source folder /User-APP/src/main/java
2022-10-26 23:53:05,857 [Worker-17: Updating Maven Project] INFO  o.e.m.j.i.AbstractJavaProjectConfigurator - Adding resource folder /User-APP/src/main/resources
2022-10-26 23:53:05,858 [Worker-17: Updating Maven Project] INFO  o.e.m.j.i.AbstractJavaProjectConfigurator - Adding source folder /User-APP/src/test/java
2022-10-26 23:53:05,858 [Worker-17: Updating Maven Project] INFO  o.e.m.j.i.AbstractJavaProjectConfigurator - Adding resource folder /User-APP/src/test/resources
2022-10-26 23:53:05,979 [Worker-17: Updating Maven Project] INFO  o.e.m.c.i.p.ProjectConfigurationManager - Update completed: 1 sec
2022-10-26 23:53:06,119 [Worker-20: Building] WARN  o.e.m.c.i.embedder.EclipseLogger - Using platform encoding (Cp1252 actually) to copy filtered resources, i.e. build is platform dependent!
2022-10-26 23:53:06,121 [Worker-20: Building] INFO  o.e.m.c.i.embedder.EclipseLogger - Copying 0 resource
2022-10-26 23:53:06,121 [Worker-20: Building] WARN  o.e.m.c.i.embedder.EclipseLogger - Using platform encoding (Cp1252 actually) to copy filtered resources, i.e. build is platform dependent!
2022-10-26 23:53:06,123 [Worker-20: Building] INFO  o.e.m.c.i.embedder.EclipseLogger - Copying 0 resource
2022-10-26 23:53:06,164 [Worker-20: Building] WARN  o.e.m.c.i.embedder.EclipseLogger - Using platform encoding (Cp1252 actually) to copy filtered resources, i.e. build is platform dependent!
2022-10-26 23:53:06,165 [Worker-20: Building] INFO  o.e.m.c.i.embedder.EclipseLogger - Copying 0 resource
2022-10-26 23:53:06,166 [Worker-20: Building] WARN  o.e.m.c.i.embedder.EclipseLogger - Using platform encoding (Cp1252 actually) to copy filtered resources, i.e. build is platform dependent!
2022-10-26 23:53:06,167 [Worker-20: Building] INFO  o.e.m.c.i.embedder.EclipseLogger - Copying 0 resource
2022-10-26 23:53:06,207 [Worker-20: Building] INFO  o.e.m.c.i.p.WorkspaceClassifierResolverManager - Resolving P/4Elementsoftech: com.4Elementsoftech:4Elementsoftech:2.0.0 with classifier  to /4Elementsoftech/target/classes
2022-10-26 23:53:06,210 [Worker-20: Building] WARN  o.e.m.c.i.embedder.EclipseLogger - Using platform encoding (Cp1252 actually) to copy filtered resources, i.e. build is platform dependent!
2022-10-26 23:53:06,211 [Worker-20: Building] INFO  o.e.m.c.i.embedder.EclipseLogger - Copying 0 resource
2022-10-26 23:53:06,212 [Worker-20: Building] WARN  o.e.m.c.i.embedder.EclipseLogger - Using platform encoding (Cp1252 actually) to copy filtered resources, i.e. build is platform dependent!
2022-10-26 23:53:06,213 [Worker-20: Building] INFO  o.e.m.c.i.embedder.EclipseLogger - Copying 0 resource
2022-10-26 23:53:32,818 [main] INFO  o.e.m2e.actions.ExecutePomAction - Creating new launch configuration
2022-10-26 23:53:40,819 [Worker-19: Launching 4Elementsoftech (10)] INFO  o.e.m.i.launch.MavenLaunchDelegate - C:\Users\kalke\OneDrive\Desktop\DemoApplication\4Elementsoftech
2022-10-26 23:53:40,819 [Worker-19: Launching 4Elementsoftech (10)] INFO  o.e.m.i.launch.MavenLaunchDelegate -  mvn -B clean -Dstyle.color=always
2022-10-26 23:53:54,960 [main] INFO  o.e.m2e.actions.ExecutePomAction - Creating new launch configuration
2022-10-26 23:54:01,569 [Worker-16: Launching 4Elementsoftech (11)] INFO  o.e.m.i.launch.MavenLaunchDelegate - C:\Users\kalke\OneDrive\Desktop\DemoApplication\4Elementsoftech
2022-10-26 23:54:01,569 [Worker-16: Launching 4Elementsoftech (11)] INFO  o.e.m.i.launch.MavenLaunchDelegate -  mvn -B test -Dstyle.color=always
2022-10-26 23:54:15,578 [main] INFO  o.e.m2e.actions.ExecutePomAction - Creating new launch configuration
2022-10-26 23:54:22,730 [Worker-17: Launching 4Elementsoftech (12)] INFO  o.e.m.i.launch.MavenLaunchDelegate - C:\Users\kalke\OneDrive\Desktop\DemoApplication\4Elementsoftech
2022-10-26 23:54:22,731 [Worker-17: Launching 4Elementsoftech (12)] INFO  o.e.m.i.launch.MavenLaunchDelegate -  mvn -B install -Dstyle.color=always
2022-10-26 23:54:45,632 [Worker-19: Updating Maven Project] INFO  o.e.m.c.i.p.ProjectConfigurationManager - Update started
2022-10-26 23:54:45,678 [Worker-19: Updating Maven Project] INFO  o.e.m.c.i.l.LifecycleMappingFactory - Using org.eclipse.m2e.jdt.JarLifecycleMapping lifecycle mapping for MavenProject: com.elements:User-APP:0.0.1-SNAPSHOT @ C:\Users\kalke\OneDrive\Desktop\DemoApplication\User-APP\pom.xml.
2022-10-26 23:54:45,680 [Worker-19: Updating Maven Project] INFO  o.e.m.c.i.p.WorkspaceClassifierResolverManager - Resolving P/4Elementsoftech: com.4Elementsoftech:4Elementsoftech:2.0.0 with classifier  to /4Elementsoftech/target/classes
2022-10-26 23:54:45,768 [Worker-19: Updating Maven Project] INFO  o.e.m.j.i.AbstractJavaProjectConfigurator - Adding source folder /User-APP/src/main/java
2022-10-26 23:54:45,768 [Worker-19: Updating Maven Project] INFO  o.e.m.j.i.AbstractJavaProjectConfigurator - Adding resource folder /User-APP/src/main/resources
2022-10-26 23:54:45,768 [Worker-19: Updating Maven Project] INFO  o.e.m.j.i.AbstractJavaProjectConfigurator - Adding source folder /User-APP/src/test/java
2022-10-26 23:54:45,769 [Worker-19: Updating Maven Project] INFO  o.e.m.j.i.AbstractJavaProjectConfigurator - Adding resource folder /User-APP/src/test/resources
2022-10-26 23:54:45,833 [Worker-19: Updating Maven Project] INFO  o.e.m.c.i.p.ProjectConfigurationManager - Update completed: 0 sec
2022-10-26 23:54:45,965 [Worker-18: Building] INFO  o.e.m.c.i.p.WorkspaceClassifierResolverManager - Resolving P/4Elementsoftech: com.4Elementsoftech:4Elementsoftech:2.0.0 with classifier  to /4Elementsoftech/target/classes
2022-10-26 23:54:45,968 [Worker-18: Building] WARN  o.e.m.c.i.embedder.EclipseLogger - Using platform encoding (Cp1252 actually) to copy filtered resources, i.e. build is platform dependent!
2022-10-26 23:54:45,969 [Worker-18: Building] INFO  o.e.m.c.i.embedder.EclipseLogger - Copying 0 resource
2022-10-26 23:54:45,971 [Worker-18: Building] WARN  o.e.m.c.i.embedder.EclipseLogger - Using platform encoding (Cp1252 actually) to copy filtered resources, i.e. build is platform dependent!
2022-10-26 23:54:45,972 [Worker-18: Building] INFO  o.e.m.c.i.embedder.EclipseLogger - Copying 0 resource
2022-10-26 23:54:47,044 [Worker-2: Building] WARN  o.e.m.c.i.embedder.EclipseLogger - Using platform encoding (Cp1252 actually) to copy filtered resources, i.e. build is platform dependent!
2022-10-26 23:54:47,047 [Worker-2: Building] INFO  o.e.m.c.i.embedder.EclipseLogger - Copying 0 resource
2022-10-26 23:54:47,048 [Worker-2: Building] WARN  o.e.m.c.i.embedder.EclipseLogger - Using platform encoding (Cp1252 actually) to copy filtered resources, i.e. build is platform dependent!
2022-10-26 23:54:47,049 [Worker-2: Building] INFO  o.e.m.c.i.embedder.EclipseLogger - Copying 0 resource
2022-10-26 23:55:04,816 [Worker-2: Building] INFO  o.e.m.c.i.l.LifecycleMappingFactory - Using org.eclipse.m2e.jdt.JarLifecycleMapping lifecycle mapping for MavenProject: com.elements:User-APP:0.0.1-SNAPSHOT @ C:\Users\kalke\OneDrive\Desktop\DemoApplication\User-APP\pom.xml.
2022-10-26 23:55:04,818 [Worker-2: Building] INFO  o.e.m.c.i.p.WorkspaceClassifierResolverManager - Resolving P/4Elementsoftech: com.4Elementsoftech:4Elementsoftech:2.0.0 with classifier  to /4Elementsoftech/target/classes
2022-10-26 23:55:04,897 [Worker-2: Building] WARN  o.e.m.c.i.embedder.EclipseLogger - Using platform encoding (Cp1252 actually) to copy filtered resources, i.e. build is platform dependent!
2022-10-26 23:55:04,898 [Worker-2: Building] INFO  o.e.m.c.i.embedder.EclipseLogger - Copying 0 resource
2022-10-26 23:55:04,899 [Worker-2: Building] WARN  o.e.m.c.i.embedder.EclipseLogger - Using platform encoding (Cp1252 actually) to copy filtered resources, i.e. build is platform dependent!
2022-10-26 23:55:04,901 [Worker-2: Building] INFO  o.e.m.c.i.embedder.EclipseLogger - Copying 0 resource
2022-10-26 23:55:24,174 [Worker-20: Building] INFO  o.e.m.c.i.l.LifecycleMappingFactory - Using org.eclipse.m2e.jdt.JarLifecycleMapping lifecycle mapping for MavenProject: com.elements:User-APP:0.0.1-SNAPSHOT @ C:\Users\kalke\OneDrive\Desktop\DemoApplication\User-APP\pom.xml.
2022-10-26 23:55:24,263 [Worker-20: Building] WARN  o.e.m.c.i.embedder.EclipseLogger - Using platform encoding (Cp1252 actually) to copy filtered resources, i.e. build is platform dependent!
2022-10-26 23:55:24,264 [Worker-20: Building] INFO  o.e.m.c.i.embedder.EclipseLogger - Copying 0 resource
2022-10-26 23:55:24,265 [Worker-20: Building] WARN  o.e.m.c.i.embedder.EclipseLogger - Using platform encoding (Cp1252 actually) to copy filtered resources, i.e. build is platform dependent!
2022-10-26 23:55:24,266 [Worker-20: Building] INFO  o.e.m.c.i.embedder.EclipseLogger - Copying 0 resource
2022-10-26 23:55:25,447 [Worker-2: Building] WARN  o.e.m.c.i.embedder.EclipseLogger - Using platform encoding (Cp1252 actually) to copy filtered resources, i.e. build is platform dependent!
2022-10-26 23:55:25,448 [Worker-2: Building] INFO  o.e.m.c.i.embedder.EclipseLogger - Copying 0 resource
2022-10-26 23:55:25,450 [Worker-2: Building] WARN  o.e.m.c.i.embedder.EclipseLogger - Using platform encoding (Cp1252 actually) to copy filtered resources, i.e. build is platform dependent!
2022-10-26 23:55:25,451 [Worker-2: Building] INFO  o.e.m.c.i.embedder.EclipseLogger - Copying 0 resource
2022-10-26 23:55:28,800 [Worker-18: Building] INFO  o.e.m.c.i.l.LifecycleMappingFactory - Using org.eclipse.m2e.jdt.JarLifecycleMapping lifecycle mapping for MavenProject: com.elements:User-APP:0.0.1-SNAPSHOT @ C:\Users\kalke\OneDrive\Desktop\DemoApplication\User-APP\pom.xml.
2022-10-26 23:55:28,802 [Worker-18: Building] INFO  o.e.m.c.i.p.WorkspaceClassifierResolverManager - Resolving P/4Elementsoftech: com.4Elementsoftech:4Elementsoftech:2.0.0 with classifier  to /4Elementsoftech/target/classes
2022-10-26 23:55:28,898 [Worker-18: Building] WARN  o.e.m.c.i.embedder.EclipseLogger - Using platform encoding (Cp1252 actually) to copy filtered resources, i.e. build is platform dependent!
2022-10-26 23:55:28,899 [Worker-18: Building] INFO  o.e.m.c.i.embedder.EclipseLogger - Copying 0 resource
2022-10-26 23:55:28,900 [Worker-18: Building] WARN  o.e.m.c.i.embedder.EclipseLogger - Using platform encoding (Cp1252 actually) to copy filtered resources, i.e. build is platform dependent!
2022-10-26 23:55:28,901 [Worker-18: Building] INFO  o.e.m.c.i.embedder.EclipseLogger - Copying 0 resource
2022-10-26 23:55:30,033 [Worker-2: Building] INFO  o.e.m.c.i.p.WorkspaceClassifierResolverManager - Resolving P/4Elementsoftech: com.4Elementsoftech:4Elementsoftech:2.0.0 with classifier  to /4Elementsoftech/target/classes
2022-10-26 23:55:30,036 [Worker-2: Building] WARN  o.e.m.c.i.embedder.EclipseLogger - Using platform encoding (Cp1252 actually) to copy filtered resources, i.e. build is platform dependent!
2022-10-26 23:55:30,037 [Worker-2: Building] INFO  o.e.m.c.i.embedder.EclipseLogger - Copying 0 resource
2022-10-26 23:55:30,038 [Worker-2: Building] WARN  o.e.m.c.i.embedder.EclipseLogger - Using platform encoding (Cp1252 actually) to copy filtered resources, i.e. build is platform dependent!
2022-10-26 23:55:30,039 [Worker-2: Building] INFO  o.e.m.c.i.embedder.EclipseLogger - Copying 0 resource
2022-10-26 23:59:10,404 [Worker-17: Building] WARN  o.e.m.c.i.embedder.EclipseLogger - Using platform encoding (Cp1252 actually) to copy filtered resources, i.e. build is platform dependent!
2022-10-26 23:59:10,405 [Worker-17: Building] INFO  o.e.m.c.i.embedder.EclipseLogger - Copying 0 resource
2022-10-26 23:59:10,406 [Worker-17: Building] WARN  o.e.m.c.i.embedder.EclipseLogger - Using platform encoding (Cp1252 actually) to copy filtered resources, i.e. build is platform dependent!
2022-10-26 23:59:10,407 [Worker-17: Building] INFO  o.e.m.c.i.embedder.EclipseLogger - Copying 0 resource
2022-10-26 23:59:17,363 [Worker-16: Launching pwdTest] INFO  o.e.m.c.i.p.WorkspaceClassifierResolverManager - Resolving P/4Elementsoftech: com.4Elementsoftech:4Elementsoftech:2.0.0 with classifier null to /4Elementsoftech/target/classes
2022-10-27 00:00:42,368 [Worker-22: Building] WARN  o.e.m.c.i.embedder.EclipseLogger - Using platform encoding (Cp1252 actually) to copy filtered resources, i.e. build is platform dependent!
2022-10-27 00:00:42,370 [Worker-22: Building] INFO  o.e.m.c.i.embedder.EclipseLogger - Copying 0 resource
2022-10-27 00:00:42,371 [Worker-22: Building] WARN  o.e.m.c.i.embedder.EclipseLogger - Using platform encoding (Cp1252 actually) to copy filtered resources, i.e. build is platform dependent!
2022-10-27 00:00:42,372 [Worker-22: Building] INFO  o.e.m.c.i.embedder.EclipseLogger - Copying 0 resource
2022-10-27 00:00:49,132 [Worker-22: Launching pwdTest] INFO  o.e.m.c.i.p.WorkspaceClassifierResolverManager - Resolving P/4Elementsoftech: com.4Elementsoftech:4Elementsoftech:2.0.0 with classifier null to /4Elementsoftech/target/classes
2022-10-27 00:05:00,877 [Worker-22: Building] WARN  o.e.m.c.i.embedder.EclipseLogger - Using platform encoding (Cp1252 actually) to copy filtered resources, i.e. build is platform dependent!
2022-10-27 00:05:00,879 [Worker-22: Building] INFO  o.e.m.c.i.embedder.EclipseLogger - Copying 0 resource
2022-10-27 00:05:00,881 [Worker-22: Building] WARN  o.e.m.c.i.embedder.EclipseLogger - Using platform encoding (Cp1252 actually) to copy filtered resources, i.e. build is platform dependent!
2022-10-27 00:05:00,882 [Worker-22: Building] INFO  o.e.m.c.i.embedder.EclipseLogger - Copying 0 resource
2022-10-27 00:05:07,017 [Worker-16: Launching pwdTest] INFO  o.e.m.c.i.p.WorkspaceClassifierResolverManager - Resolving P/4Elementsoftech: com.4Elementsoftech:4Elementsoftech:2.0.0 with classifier null to /4Elementsoftech/target/classes
